[    0.000000] Initializing cgroup subsys cpuset
[    0.000000] Initializing cgroup subsys cpu
[    0.000000] Initializing cgroup subsys cpuacct
[    0.000000] Linux version 4.4.0-186-generic (buildd@lgw01-amd64-037) (gcc version 5.4.0 20160609 (Ubuntu 5.4.0-6ubuntu1~16.04.12) ) #216-Ubuntu SMP Wed Jul 1 05:34:35 UTC 2020 (Ubuntu 4.4.0-186.216-generic 4.4.228)
[    0.000000] KERNEL supported cpus:
[    0.000000]   Intel GenuineIntel
[    0.000000]   AMD AuthenticAMD
[    0.000000]   NSC Geode by NSC
[    0.000000]   Cyrix CyrixInstead
[    0.000000]   Centaur CentaurHauls
[    0.000000]   Transmeta GenuineTMx86
[    0.000000]   Transmeta TransmetaCPU
[    0.000000]   UMC UMC UMC UMC
[    0.000000] x86/fpu: xstate_offset[2]:  576, xstate_sizes[2]:  256
[    0.000000] x86/fpu: Supporting XSAVE feature 0x01: 'x87 floating point registers'
[    0.000000] x86/fpu: Supporting XSAVE feature 0x02: 'SSE registers'
[    0.000000] x86/fpu: Supporting XSAVE feature 0x04: 'AVX registers'
[    0.000000] x86/fpu: Enabled xstate features 0x7, context size is 832 bytes, using 'standard' format.
[    0.000000] e820: BIOS-provided physical RAM map:
[    0.000000] BIOS-e820: [mem 0x0000000000000000-0x000000000009fbff] usable
[    0.000000] BIOS-e820: [mem 0x000000000009fc00-0x000000000009ffff] reserved
[    0.000000] BIOS-e820: [mem 0x00000000000f0000-0x00000000000fffff] reserved
[    0.000000] BIOS-e820: [mem 0x0000000000100000-0x000000003ffeffff] usable
[    0.000000] BIOS-e820: [mem 0x000000003fff0000-0x000000003fffffff] ACPI data
[    0.000000] BIOS-e820: [mem 0x00000000fec00000-0x00000000fec00fff] reserved
[    0.000000] BIOS-e820: [mem 0x00000000fee00000-0x00000000fee00fff] reserved
[    0.000000] BIOS-e820: [mem 0x00000000fffc0000-0x00000000ffffffff] reserved
[    0.000000] NX (Execute Disable) protection: active
[    0.000000] SMBIOS 2.5 present.
[    0.000000] Hypervisor detected: KVM
[    0.000000] e820: last_pfn = 0x3fff0 max_arch_pfn = 0x1000000
[    0.000000] MTRR: Disabled
[    0.000000] x86/PAT: MTRRs disabled, skipping PAT initialization too.
[    0.000000] CPU MTRRs all blank - virtualized system.
[    0.000000] x86/PAT: Configuration [0-7]: WB  WT  UC- UC  WB  WT  UC- UC  
[    0.000000] found SMP MP-table at [mem 0x0009fff0-0x0009ffff] mapped at [c009fff0]
[    0.000000] Scanning 1 areas for low memory corruption
[    0.000000] RAMDISK: [mem 0x362e8000-0x3716bfff]
[    0.000000] ACPI: Early table checksum verification disabled
[    0.000000] ACPI: RSDP 0x00000000000E0000 000024 (v02 VBOX  )
[    0.000000] ACPI: XSDT 0x000000003FFF0030 00003C (v01 VBOX   VBOXXSDT 00000001 ASL  00000061)
[    0.000000] ACPI: FACP 0x000000003FFF00F0 0000F4 (v04 VBOX   VBOXFACP 00000001 ASL  00000061)
[    0.000000] ACPI: DSDT 0x000000003FFF0470 002325 (v02 VBOX   VBOXBIOS 00000002 INTL 20100528)
[    0.000000] ACPI: FACS 0x000000003FFF0200 000040
[    0.000000] ACPI: FACS 0x000000003FFF0200 000040
[    0.000000] ACPI: APIC 0x000000003FFF0240 00005C (v02 VBOX   VBOXAPIC 00000001 ASL  00000061)
[    0.000000] ACPI: SSDT 0x000000003FFF02A0 0001CC (v01 VBOX   VBOXCPUT 00000002 INTL 20100528)
[    0.000000] 131MB HIGHMEM available.
[    0.000000] 891MB LOWMEM available.
[    0.000000]   mapped low ram: 0 - 37bfe000
[    0.000000]   low ram: 0 - 37bfe000
[    0.000000] kvm-clock: Using msrs 4b564d01 and 4b564d00
[    0.000000] kvm-clock: cpu 0, msr 0:37bfd001, primary cpu clock
[    0.000000] kvm-clock: using sched offset of 4456425694 cycles
[    0.000000] clocksource: kvm-clock: mask: 0xffffffffffffffff max_cycles: 0x1cd42e4dffb, max_idle_ns: 881590591483 ns
[    0.000000] Zone ranges:
[    0.000000]   DMA      [mem 0x0000000000001000-0x0000000000ffffff]
[    0.000000]   Normal   [mem 0x0000000001000000-0x0000000037bfdfff]
[    0.000000]   HighMem  [mem 0x0000000037bfe000-0x000000003ffeffff]
[    0.000000] Movable zone start for each node
[    0.000000] Early memory node ranges
[    0.000000]   node   0: [mem 0x0000000000001000-0x000000000009efff]
[    0.000000]   node   0: [mem 0x0000000000100000-0x000000003ffeffff]
[    0.000000] Initmem setup node 0 [mem 0x0000000000001000-0x000000003ffeffff]
[    0.000000] Using APIC driver default
[    0.000000] ACPI: PM-Timer IO Port: 0x4008
[    0.000000] IOAPIC[0]: apic_id 2, version 32, address 0xfec00000, GSI 0-23
[    0.000000] ACPI: INT_SRC_OVR (bus 0 bus_irq 0 global_irq 2 dfl dfl)
[    0.000000] ACPI: INT_SRC_OVR (bus 0 bus_irq 9 global_irq 9 low level)
[    0.000000] Using ACPI (MADT) for SMP configuration information
[    0.000000] smpboot: Allowing 2 CPUs, 0 hotplug CPUs
[    0.000000] PM: Registered nosave memory: [mem 0x00000000-0x00000fff]
[    0.000000] PM: Registered nosave memory: [mem 0x0009f000-0x0009ffff]
[    0.000000] PM: Registered nosave memory: [mem 0x000a0000-0x000effff]
[    0.000000] PM: Registered nosave memory: [mem 0x000f0000-0x000fffff]
[    0.000000] e820: [mem 0x40000000-0xfebfffff] available for PCI devices
[    0.000000] Booting paravirtualized kernel on KVM
[    0.000000] clocksource: refined-jiffies: mask: 0xffffffff max_cycles: 0xffffffff, max_idle_ns: 7645519600211568 ns
[    0.000000] setup_percpu: NR_CPUS:8 nr_cpumask_bits:8 nr_cpu_ids:2 nr_node_ids:1
[    0.000000] PERCPU: Embedded 18 pages/cpu @f71b2000 s43276 r0 d30452 u73728
[    0.000000] Built 1 zonelists in Zone order, mobility grouping on.  Total pages: 259800
[    0.000000] Kernel command line: BOOT_IMAGE=/boot/vmlinuz-4.4.0-186-generic root=LABEL=cloudimg-rootfs ro console=tty1 console=ttyS0
[    0.000000] PID hash table entries: 4096 (order: 2, 16384 bytes)
[    0.000000] Dentry cache hash table entries: 131072 (order: 7, 524288 bytes)
[    0.000000] Inode-cache hash table entries: 65536 (order: 6, 262144 bytes)
[    0.000000] Initializing CPU#0
[    0.000000] Initializing HighMem for node 0 (00037bfe:0003fff0)
[    0.000000] Initializing Movable for node 0 (00000000:00000000)
[    0.000000] Memory: 1007832K/1048120K available (8146K kernel code, 794K rwdata, 3212K rodata, 940K init, 788K bss, 40288K reserved, 0K cma-reserved, 135112K highmem)
[    0.000000] virtual kernel memory layout:
[    0.000000]     fixmap  : 0xfff15000 - 0xfffff000   ( 936 kB)
[    0.000000]     pkmap   : 0xffc00000 - 0xffe00000   (2048 kB)
[    0.000000]     vmalloc : 0xf83fe000 - 0xffbfe000   ( 120 MB)
[    0.000000]     lowmem  : 0xc0000000 - 0xf7bfe000   ( 891 MB)
[    0.000000]       .init : 0xc1be1000 - 0xc1ccc000   ( 940 kB)
[    0.000000]       .data : 0xc17f4cb8 - 0xc1bdfa80   (4011 kB)
[    0.000000]       .text : 0xc1000000 - 0xc17f4cb8   (8147 kB)
[    0.000000] Checking if this processor honours the WP bit even in supervisor mode...Ok.
[    0.000000] SLUB: HWalign=64, Order=0-3, MinObjects=0, CPUs=2, Nodes=1
[    0.000000] Hierarchical RCU implementation.
[    0.000000] 	Build-time adjustment of leaf fanout to 32.
[    0.000000] 	RCU restricting CPUs from NR_CPUS=8 to nr_cpu_ids=2.
[    0.000000] RCU: Adjusting geometry for rcu_fanout_leaf=32, nr_cpu_ids=2
[    0.000000] NR_IRQS:2304 nr_irqs:440 16
[    0.000000] Console: colour VGA+ 80x25
[    0.000000] console [tty1] enabled
[    0.000000] console [ttyS0] enabled
[    0.000000] allocated 1048576 bytes of page_ext
[    0.000000] tsc: Detected 2712.002 MHz processor
[    0.339715] Calibrating delay loop (skipped) preset value.. 5424.00 BogoMIPS (lpj=10848008)
[    0.342215] pid_max: default: 32768 minimum: 301
[    0.343408] ACPI: Core revision 20150930
[    0.346077] ACPI: 2 ACPI AML tables successfully acquired and loaded
[    0.347770] Security Framework initialized
[    0.348995] Yama: becoming mindful.
[    0.349981] AppArmor: AppArmor initialized
[    0.351132] Mount-cache hash table entries: 2048 (order: 1, 8192 bytes)
[    0.352749] Mountpoint-cache hash table entries: 2048 (order: 1, 8192 bytes)
[    0.354536] Initializing cgroup subsys io
[    0.355650] Initializing cgroup subsys memory
[    0.356795] Initializing cgroup subsys devices
[    0.357927] Initializing cgroup subsys freezer
[    0.359064] Initializing cgroup subsys net_cls
[    0.360225] Initializing cgroup subsys perf_event
[    0.361405] Initializing cgroup subsys net_prio
[    0.362585] Initializing cgroup subsys hugetlb
[    0.363780] Initializing cgroup subsys pids
[    0.368245] mce: CPU supports 0 MCE banks
[    0.369619] Last level iTLB entries: 4KB 64, 2MB 8, 4MB 8
[    0.370973] Last level dTLB entries: 4KB 64, 2MB 0, 4MB 0, 1GB 4
[    0.372393] Spectre V1 : Mitigation: usercopy/swapgs barriers and __user pointer sanitization
[    0.374595] Spectre V2 : Mitigation: Full generic retpoline
[    0.375947] Spectre V2 : Spectre v2 / SpectreRSB mitigation: Filling RSB on context switch
[    0.378026] Speculative Store Bypass: Vulnerable
[    0.379219] SRBDS: Unknown: Dependent on hypervisor status
[    0.380634] MDS: Mitigation: Clear CPU buffers
[    0.386081] Freeing SMP alternatives memory: 36K
[    0.393762] ftrace: allocating 31622 entries in 62 pages
[    0.482766] smpboot: APIC(0) Converting physical 0 to logical package 0
[    0.484458] smpboot: Max logical packages: 1
[    0.485672] Enabling APIC mode:  Flat.  Using 1 I/O APICs
[    0.488698] ..TIMER: vector=0x30 apic1=0 pin1=2 apic2=-1 pin2=-1
[    0.598300] APIC calibration not consistent with PM-Timer: 98ms instead of 100ms
[    0.600684] APIC delta adjusted to PM-Timer: 6253873 (6154043)
[    0.602407] smpboot: CPU0: Intel(R) Core(TM) i5-7200U CPU @ 2.50GHz (family: 0x6, model: 0x8e, stepping: 0x9)
[    0.605072] Performance Events: unsupported p6 CPU model 142 no PMU driver, software events only.
[    0.617221] KVM setup paravirtual spinlock
[    0.619305] x86: Booting SMP configuration:
[    0.620626] .... node  #0, CPUs:      #1
[1266874885.253125] Initializing CPU#1
[    0.622399] kvm-clock: cpu 1, msr 0:37bfd041, secondary cpu clock
[    0.625665] mce: CPU supports 0 MCE banks
[    0.628286] x86: Booted up 1 node, 2 CPUs
[    0.629738] smpboot: Total of 2 processors activated (10848.00 BogoMIPS)
[    0.632101] devtmpfs: initialized
[    0.633333] evm: security.selinux
[    0.634315] evm: security.SMACK64
[    0.635399] evm: security.SMACK64EXEC
[    0.636624] evm: security.SMACK64TRANSMUTE
[    0.637822] evm: security.SMACK64MMAP
[    0.638940] evm: security.ima
[    0.639847] evm: security.capability
[    0.641185] clocksource: jiffies: mask: 0xffffffff max_cycles: 0xffffffff, max_idle_ns: 7645041785100000 ns
[    0.643679] futex hash table entries: 512 (order: 3, 32768 bytes)
[    0.645394] pinctrl core: initialized pinctrl subsystem
[    0.646901] RTC time: 17:23:50, date: 08/13/20
[    0.648318] NET: Registered protocol family 16
[    0.649682] EISA bus registered
[    0.659858] cpuidle: using governor ladder
[    0.672199] cpuidle: using governor menu
[    0.673590] PCCT header not found.
[    0.674860] ACPI: bus type PCI registered
[    0.675972] acpiphp: ACPI Hot Plug PCI Controller Driver version: 0.5
[    0.677842] PCI : PCI BIOS area is rw and x. Use pci=nobios if you want it NX.
[    0.679834] PCI: PCI BIOS revision 2.10 entry at 0xfda26, last bus=0
[    0.681388] PCI: Using configuration type 1 for base access
[    0.697270] ACPI: Added _OSI(Module Device)
[    0.698484] ACPI: Added _OSI(Processor Device)
[    0.699747] ACPI: Added _OSI(3.0 _SCP Extensions)
[    0.701065] ACPI: Added _OSI(Processor Aggregator Device)
[    0.703586] ACPI: Executed 1 blocks of module-level executable AML code
[    0.721353] ACPI: Interpreter enabled
[    0.722460] ACPI: (supports S0 S5)
[    0.723475] ACPI: Using IOAPIC for interrupt routing
[    0.725049] PCI: Using host bridge windows from ACPI; if necessary, use "pci=nocrs" and report a bug
[    0.731903] ACPI: PCI Root Bridge [PCI0] (domain 0000 [bus 00-ff])
[    0.733577] acpi PNP0A03:00: _OSC: OS supports [ASPM ClockPM Segments MSI]
[    0.735737] acpi PNP0A03:00: _OSC: not requesting OS control; OS requires [ExtendedConfig ASPM ClockPM MSI]
[    0.738292] acpi PNP0A03:00: fail to add MMCONFIG information, can't access extended PCI configuration space under this bridge.
[    0.741622] PCI host bridge to bus 0000:00
[    0.742767] pci_bus 0000:00: root bus resource [io  0x0000-0x0cf7 window]
[    0.744580] pci_bus 0000:00: root bus resource [io  0x0d00-0xffff window]
[    0.746222] pci_bus 0000:00: root bus resource [mem 0x000a0000-0x000bffff window]
[    0.748352] pci_bus 0000:00: root bus resource [mem 0x40000000-0xfdffffff window]
[    0.750423] pci_bus 0000:00: root bus resource [bus 00-ff]
[    0.754257] pci 0000:00:01.1: legacy IDE quirk: reg 0x10: [io  0x01f0-0x01f7]
[    0.756003] pci 0000:00:01.1: legacy IDE quirk: reg 0x14: [io  0x03f6]
[    0.757730] pci 0000:00:01.1: legacy IDE quirk: reg 0x18: [io  0x0170-0x0177]
[    0.759600] pci 0000:00:01.1: legacy IDE quirk: reg 0x1c: [io  0x0376]
[    0.780329] pci 0000:00:07.0: quirk: [io  0x4000-0x403f] claimed by PIIX4 ACPI
[    0.782364] pci 0000:00:07.0: quirk: [io  0x4100-0x410f] claimed by PIIX4 SMB
[    0.791553] ACPI: PCI Interrupt Link [LNKA] (IRQs 5 9 10 *11)
[    0.793915] ACPI: PCI Interrupt Link [LNKB] (IRQs 5 9 *10 11)
[    0.796104] ACPI: PCI Interrupt Link [LNKC] (IRQs 5 *9 10 11)
[    0.798261] ACPI: PCI Interrupt Link [LNKD] (IRQs 5 9 10 *11)
[    0.800627] ACPI: Enabled 2 GPEs in block 00 to 07
[    0.802447] vgaarb: setting as boot device: PCI:0000:00:02.0
[    0.803913] vgaarb: device added: PCI:0000:00:02.0,decodes=io+mem,owns=io+mem,locks=none
[    0.806074] vgaarb: loaded
[    0.807022] vgaarb: bridge control possible 0000:00:02.0
[    0.808847] SCSI subsystem initialized
[    0.810133] ACPI: bus type USB registered
[    0.811433] usbcore: registered new interface driver usbfs
[    0.812939] usbcore: registered new interface driver hub
[    0.814323] usbcore: registered new device driver usb
[    0.816191] PCI: Using ACPI for IRQ routing
[    0.817710] NetLabel: Initializing
[    0.818901] NetLabel:  domain hash size = 128
[    0.820070] NetLabel:  protocols = UNLABELED CIPSOv4
[    0.821437] NetLabel:  unlabeled traffic allowed by default
[    0.823304] amd_nb: Cannot enumerate AMD northbridges
[    0.825125] clocksource: Switched to clocksource kvm-clock
[    1.068272] AppArmor: AppArmor Filesystem Enabled
[    1.069838] pnp: PnP ACPI init
[    1.071780] pnp: PnP ACPI: found 3 devices
[    1.072918] PnPBIOS: Disabled by ACPI PNP
[    1.117709] clocksource: acpi_pm: mask: 0xffffff max_cycles: 0xffffff, max_idle_ns: 2085701024 ns
[    1.120457] NET: Registered protocol family 2
[    1.121876] TCP established hash table entries: 8192 (order: 3, 32768 bytes)
[    1.124018] TCP bind hash table entries: 8192 (order: 4, 65536 bytes)
[    1.126297] TCP: Hash tables configured (established 8192 bind 8192)
[    1.128106] UDP hash table entries: 512 (order: 2, 16384 bytes)
[    1.129673] UDP-Lite hash table entries: 512 (order: 2, 16384 bytes)
[    1.131293] NET: Registered protocol family 1
[    1.132543] pci 0000:00:00.0: Limiting direct PCI/PCI transfers
[    1.134074] pci 0000:00:01.0: Activating ISA DMA hang workarounds
[    1.136321] Unpacking initramfs...
[    1.426400] Freeing initrd memory: 14864K
[    1.427673] clocksource: tsc: mask: 0xffffffffffffffff max_cycles: 0x2717880cafa, max_idle_ns: 440795252614 ns
[    1.430269] platform rtc_cmos: registered platform RTC device (no PNP device found)
[    1.432399] Scanning for low memory corruption every 60 seconds
[    1.434268] audit: initializing netlink subsys (disabled)
[    1.435718] audit: type=2000 audit(1597339436.227:1): initialized
[    1.437397] Initialise system trusted keyring
[    1.438923] HugeTLB registered 2 MB page size, pre-allocated 0 pages
[    1.445425] zbud: loaded
[    1.446542] VFS: Disk quotas dquot_6.6.0
[    1.447689] VFS: Dquot-cache hash table entries: 1024 (order 0, 4096 bytes)
[    1.449606] squashfs: version 4.0 (2009/01/31) Phillip Lougher
[    1.451597] fuse init (API version 7.23)
[    1.452825] Key type big_key registered
[    1.454045] Allocating IMA MOK and blacklist keyrings.
[    1.457831] Key type asymmetric registered
[    1.458899] Asymmetric key parser 'x509' registered
[    1.460123] bounce: pool size: 64 pages
[    1.461206] Block layer SCSI generic (bsg) driver version 0.4 loaded (major 249)
[    1.463393] io scheduler noop registered
[    1.464448] io scheduler deadline registered (default)
[    1.465836] io scheduler cfq registered
[    1.467000] pci_hotplug: PCI Hot Plug PCI Core version: 0.5
[    1.468677] pciehp: PCI Express Hot Plug Controller Driver version: 0.4
[    1.470510] ACPI: AC Adapter [AC] (on-line)
[    1.471699] input: Power Button as /devices/LNXSYSTM:00/LNXPWRBN:00/input/input0
[    1.473683] ACPI: Power Button [PWRF]
[    1.474924] input: Sleep Button as /devices/LNXSYSTM:00/LNXSLPBN:00/input/input1
[    1.476919] ACPI: Sleep Button [SLPF]
[    1.478225] GHES: HEST is not enabled!
[    1.479493] isapnp: Scanning for PnP cards...
[    1.480086] ACPI: Battery Slot [BAT0] (battery present)
[    1.480127] Serial: 8250/16550 driver, 32 ports, IRQ sharing enabled
[    1.501446] 00:02: ttyS0 at I/O 0x3f8 (irq = 4, base_baud = 115200) is a 16550A
[    1.503993] Linux agpgart interface v0.103
[    1.514460] loop: module loaded
[    1.516016] scsi host0: ata_piix
[    1.517033] scsi host1: ata_piix
[    1.518230] ata1: PATA max UDMA/33 cmd 0x1f0 ctl 0x3f6 bmdma 0xd000 irq 14
[    1.520069] ata2: PATA max UDMA/33 cmd 0x170 ctl 0x376 bmdma 0xd008 irq 15
[    1.521782] libphy: Fixed MDIO Bus: probed
[    1.522877] tun: Universal TUN/TAP device driver, 1.6
[    1.524137] tun: (C) 1999-2004 Max Krasnyansky <maxk@qualcomm.com>
[    1.525716] PPP generic driver version 2.4.2
[    1.526894] ehci_hcd: USB 2.0 'Enhanced' Host Controller (EHCI) Driver
[    1.528652] ehci-pci: EHCI PCI platform driver
[    1.529861] ehci-platform: EHCI generic platform driver
[    1.531169] ohci_hcd: USB 1.1 'Open' Host Controller (OHCI) Driver
[    1.532629] ohci-pci: OHCI PCI platform driver
[    1.540679] ohci-platform: OHCI generic platform driver
[    1.542047] uhci_hcd: USB Universal Host Controller Interface driver
[    1.543658] i8042: PNP: PS/2 Controller [PNP0303:PS2K,PNP0f03:PS2M] at 0x60,0x64 irq 1,12
[    1.546411] serio: i8042 KBD port at 0x60,0x64 irq 1
[    1.547668] serio: i8042 AUX port at 0x60,0x64 irq 12
[    1.549068] mousedev: PS/2 mouse device common for all mice
[    1.550854] input: AT Translated Set 2 keyboard as /devices/platform/i8042/serio0/input/input2
[    1.553682] rtc_cmos rtc_cmos: rtc core: registered rtc_cmos as rtc0
[    1.555256] rtc_cmos rtc_cmos: alarms up to one day, 114 bytes nvram
[    1.556863] i2c /dev entries driver
[    1.557981] device-mapper: uevent: version 1.0.3
[    1.559252] device-mapper: ioctl: 4.34.0-ioctl (2015-10-28) initialised: dm-devel@redhat.com
[    1.562894] platform eisa.0: Probing EISA bus 0
[    1.564605] platform eisa.0: EISA: Cannot allocate resource for mainboard
[    1.567261] platform eisa.0: Cannot allocate resource for EISA slot 1
[    1.569707] platform eisa.0: Cannot allocate resource for EISA slot 2
[    1.571414] platform eisa.0: Cannot allocate resource for EISA slot 3
[    1.573220] platform eisa.0: Cannot allocate resource for EISA slot 4
[    1.574923] platform eisa.0: Cannot allocate resource for EISA slot 5
[    1.577498] platform eisa.0: Cannot allocate resource for EISA slot 6
[    1.579879] platform eisa.0: Cannot allocate resource for EISA slot 7
[    1.582313] platform eisa.0: Cannot allocate resource for EISA slot 8
[    1.584869] platform eisa.0: EISA: Detected 0 cards
[    1.586513] cpufreq-nforce2: No nForce2 chipset.
[    1.587880] ledtrig-cpu: registered to indicate activity on CPUs
[    1.589880] NET: Registered protocol family 10
[    1.591450] NET: Registered protocol family 17
[    1.592779] Key type dns_resolver registered
[    1.594317] Using IPI No-Shortcut mode
[    1.595595] registered taskstats version 1
[    1.596845] Loading compiled-in X.509 certificates
[    1.600514] Loaded X.509 cert 'Build time autogenerated kernel key: 1b14c8a015885eac51c1da9cfa165f27239f23f1'
[    1.604448] zswap: loaded using pool lzo/zbud
[    1.607769] Key type trusted registered
[    1.611958] Key type encrypted registered
[    1.613578] AppArmor: AppArmor sha1 policy hashing enabled
[    1.615758] ima: No TPM chip found, activating TPM-bypass!
[    1.617960] ima: Allocated hash algorithm: sha1
[    1.619255] evm: HMAC attrs: 0x1
[    1.620541]   Magic number: 0:615:390
[    1.621768] rtc_cmos rtc_cmos: setting system clock to 2020-08-13 17:23:51 UTC (1597339431)
[    1.624241] BIOS EDD facility v0.16 2004-Jun-25, 0 devices found
[    1.626486] EDD information not available.
[    1.870025] isapnp: No Plug & Play device found
[    1.871606] Freeing unused kernel memory: 940K
[    1.881596] Write protecting the kernel text: 8148k
[    1.883111] Write protecting the kernel read-only data: 3216k
[    1.884695] NX-protecting the kernel data: 6188k
Loading, please wait...
starting version 229
[    1.902432] random: systemd-udevd: uninitialized urandom read (16 bytes read, 0 bits of entropy available)
[    1.903504] random: udevadm: uninitialized urandom read (16 bytes read, 0 bits of entropy available)
[    1.908680] random: systemd-udevd: uninitialized urandom read (16 bytes read, 0 bits of entropy available)
[    1.913061] random: systemd-udevd: uninitialized urandom read (16 bytes read, 0 bits of entropy available)
[    1.915986] random: udevadm: uninitialized urandom read (16 bytes read, 0 bits of entropy available)
[    1.916039] random: udevadm: uninitialized urandom read (16 bytes read, 0 bits of entropy available)
[    1.916200] random: udevadm: uninitialized urandom read (16 bytes read, 0 bits of entropy available)
[    1.916261] random: udevadm: uninitialized urandom read (16 bytes read, 0 bits of entropy available)
[    1.916319] random: udevadm: uninitialized urandom read (16 bytes read, 0 bits of entropy available)
[    1.916380] random: udevadm: uninitialized urandom read (16 bytes read, 0 bits of entropy available)
[    1.984823] [drm] Initialized drm 1.1.0 20060810
[    1.989639] Fusion MPT base driver 3.04.20
[    1.991303] Copyright (c) 1999-2008 LSI Corporation
[    2.001473] e1000: Intel(R) PRO/1000 Network Driver - version 7.3.21-k8-NAPI
[    2.003212] e1000: Copyright (c) 1999-2006 Intel Corporation.
[    2.015720] Fusion MPT SPI Host driver 3.04.20
[    2.027549] vboxvideo: loading out-of-tree module taints kernel.
[    2.029368] vboxvideo: module verification failed: signature and/or required key missing - tainting kernel
[    2.215737] input: ImExPS/2 Generic Explorer Mouse as /devices/platform/i8042/serio1/input/input4
[    2.410341] e1000 0000:00:03.0 eth0: (PCI:33MHz:32-bit) 02:0c:5b:92:a7:f0
[    2.411986] e1000 0000:00:03.0 eth0: Intel(R) PRO/1000 Network Connection
[    2.415175] mptbase: ioc0: Initiating bringup
[    2.416176] e1000 0000:00:03.0 enp0s3: renamed from eth0
[    3.329435] ioc0: LSI53C1030 A0: Capabilities={Initiator}
[    6.490751] scsi host2: ioc0: LSI53C1030 A0, FwRev=00000000h, Ports=1, MaxQ=256, IRQ=20
[    8.094354] [drm] VRAM 01000000
[    8.096064] scsi 2:0:0:0: Direct-Access     VBOX     HARDDISK         1.0  PQ: 0 ANSI: 5
[    8.098975] scsi target2:0:0: Beginning Domain Validation
[    8.098991] [TTM] Zone  kernel: Available graphics memory: 444280 kiB
[    8.098992] [TTM] Zone highmem: Available graphics memory: 511836 kiB
[    8.098993] [TTM] Initializing pool allocator
[    8.098998] [TTM] Initializing DMA pool allocator
[    8.109448] fbcon: vboxdrmfb (fb0) is primary device
[    8.111777] scsi target2:0:0: Domain Validation skipping write tests
[    8.111778] scsi target2:0:0: Ending Domain Validation
[    8.111909] scsi target2:0:0: asynchronous
[    8.114755] scsi 2:0:1:0: Direct-Access     VBOX     HARDDISK         1.0  PQ: 0 ANSI: 5
[    8.114762] scsi target2:0:1: Beginning Domain Validation
[    8.122684] scsi target2:0:1: Domain Validation skipping write tests
[    8.122686] scsi target2:0:1: Ending Domain Validation
[    8.122835] scsi target2:0:1: asynchronous
[    8.123560] Console: switching to colour frame buffer device 100x37
[    8.138773] vboxvideo 0000:00:02.0: fb0: vboxdrmfb frame buffer device
[    8.145037] sd 2:0:0:0: Attached scsi generic sg0 type 0
[    8.145288] sd 2:0:0:0: [sda] 20971520 512-byte logical blocks: (10.7 GB/10.0 GiB)
[    8.145599] sd 2:0:0:0: [sda] Write Protect is off
[    8.145762] sd 2:0:0:0: [sda] Incomplete mode parameter data
[    8.145764] sd 2:0:0:0: [sda] Assuming drive cache: write through
[    8.154590] sd 2:0:1:0: [sdb] 20480 512-byte logical blocks: (10.5 MB/10.0 MiB)
[    8.156631] sd 2:0:1:0: Attached scsi generic sg1 type 0
[    8.158699] sd 2:0:1:0: [sdb] Write Protect is off
[    8.160778] sd 2:0:1:0: [sdb] Incomplete mode parameter data
[    8.161275] [drm] Initialized vboxvideo 1.0.0 20130823 for 0000:00:02.0 on minor 0
[    8.165576] sd 2:0:1:0: [sdb] Assuming drive cache: write through
[    8.165962]  sda: sda1
[    8.166694] sd 2:0:0:0: [sda] Attached SCSI disk
[    8.197732] sd 2:0:1:0: [sdb] Attached SCSI disk
Begin: Loading essential drivers ... [    8.363971] md: linear personality registered for level -1
[    8.369772] md: multipath personality registered for level -4
[    8.375466] md: raid0 personality registered for level 0
[    8.383544] md: raid1 personality registered for level 1
[    8.457494] raid6: mmxx1    gen()  5988 MB/s
[    8.525322] raid6: mmxx2    gen()  6194 MB/s
[    8.593191] raid6: sse1x1   gen()  5413 MB/s
[    8.661477] raid6: sse1x2   gen()  6237 MB/s
[    8.729425] raid6: sse2x1   gen() 10984 MB/s
[    8.797240] raid6: sse2x1   xor()  7892 MB/s
[    8.865679] raid6: sse2x2   gen() 13132 MB/s
[    8.933515] raid6: sse2x2   xor()  8999 MB/s
[    9.001320] raid6: avx2x1   gen() 20792 MB/s
[    9.069192] raid6: avx2x2   gen() 23749 MB/s
[    9.070249] raid6: using algorithm avx2x2 gen() 23749 MB/s
[    9.071512] raid6: using avx2x1 recovery algorithm
[    9.075883] xor: automatically using best checksumming function:
[    9.117495]    avx       : 21614.000 MB/sec
[    9.121193] async_tx: api initialized (async)
[    9.147010] md: raid6 personality registered for level 6
[    9.148241] md: raid5 personality registered for level 5
[    9.150095] md: raid4 personality registered for level 4
[    9.162798] md: raid10 personality registered for level 10
done.
Begin: Running /scripts/init-premount ... done.
Begin: Mounting root file system ... Begin: Running /scripts/local-top ... done.
Begin: Running /scripts/local-premount ... [    9.209440] Btrfs loaded
Scanning for Btrfs filesystems
done.
Warning: fsck not present, so skipping root file system
[    9.333544] EXT4-fs (sda1): mounted filesystem with ordered data mode. Opts: (null)
done.
Begin: Running /scripts/local-bottom ... done.
Begin: Running /scripts/init-bottom ... done.
[   10.281977] random: nonblocking pool is initialized
[   10.320150] systemd[1]: systemd 229 running in system mode. (+PAM +AUDIT +SELINUX +IMA +APPARMOR +SMACK +SYSVINIT +UTMP +LIBCRYPTSETUP +GCRYPT +GNUTLS +ACL +XZ -LZ4 +SECCOMP +BLKID +ELFUTILS +KMOD -IDN)
[   10.324213] systemd[1]: Detected virtualization oracle.
[   10.325460] systemd[1]: Detected architecture x86.

Welcome to [1mUbuntu 16.04.7 LTS[0m!

[   10.422637] systemd[1]: Set hostname to <ubuntu-xenial>.
[   12.063464] systemd[1]: Listening on Syslog Socket.
[[0;32m  OK  [0m] Listening on Syslog Socket.
[   12.065634] systemd[1]: Reached target User and Group Name Lookups.
[[0;32m  OK  [0m] Reached target User and Group Name Lookups.
[   12.068062] systemd[1]: Started Forward Password Requests to Wall Directory Watch.
[[0;32m  OK  [0m] Started Forward Password Requests to Wall Directory Watch.
[   12.071367] systemd[1]: Listening on udev Control Socket.
[[0;32m  OK  [0m] Listening on udev Control Socket.
[   12.073617] systemd[1]: Listening on /dev/initctl Compatibility Named Pipe.
[[0;32m  OK  [0m] Listening on /dev/initctl Compatibility Named Pipe.
[   12.076295] systemd[1]: Set up automount Arbitrary Executable File Formats File System Automount Point.
[[0;32m  OK  [0m] Set up automount Arbitrary Executab...ats File System Automount Point.
[   12.142728] systemd[1]: Created slice System Slice.
[[0;32m  OK  [0m] Created slice System Slice.
[   12.145220] systemd[1]: Created slice system-serial\x2dgetty.slice.
[[0;32m  OK  [0m] Created slice system-serial\x2dgetty.slice.
[   12.147756] systemd[1]: Reached target Swap.
[[0;32m  OK  [0m] Reached target Swap.
[   12.149592] systemd[1]: Listening on Journal Audit Socket.
[[0;32m  OK  [0m] Listening on Journal Audit Socket.
[   12.151704] systemd[1]: Listening on udev Kernel Socket.
[[0;32m  OK  [0m] Listening on udev Kernel Socket.
[   12.153987] systemd[1]: Listening on Journal Socket.
[[0;32m  OK  [0m] Listening on Journal Socket.
[   12.350421] systemd[1]: Starting Create list of required static device nodes for the current kernel...
         Starting Create list of required st... nodes for the current kernel...
[   12.405446] systemd[1]: Starting Uncomplicated firewall...
         Starting Uncomplicated firewall...
[   12.408754] systemd[1]: Mounting Debug File System...
         Mounting Debug File System...
[   12.411976] systemd[1]: Mounting Huge Pages File System...
         Mounting Huge Pages File System...
[   12.414935] systemd[1]: Listening on LVM2 poll daemon socket.
[[0;32m  OK  [0m] Listening on LVM2 poll daemon socket.
[   12.418137] systemd[1]: Created slice User and Session Slice.
[[0;32m  OK  [0m] Created slice User and Session Slice.
[   12.420485] systemd[1]: Reached target Slices.
[[0;32m  OK  [0m] Reached target Slices.
[   12.423139] systemd[1]: Starting Remount Root and Kernel File Systems...
         Starting Remount Root and Kernel File Systems...
[   12.426258] systemd[1]: Listening on LVM2 metadata daemon socket.
[[0;32m  OK  [0m] Listening on LVM2 metadata daemon socket.
[   12.428890] systemd[1]: Reached target System Time Synchronized.
[[0;32m  OK  [0m] Reached target System Time Synchronized.
[   12.432029] systemd[1]: Mounting POSIX Message Queue File System...
         Mounting POSIX Message Queue File System...
[   12.435017] systemd[1]: Listening on Journal Socket (/dev/log).
[[0;32m  OK  [0m] Listening on Journal Socket (/dev/log).
[   12.439090] systemd[1]: Starting Journal Service...
         Starting Journal Service...
[   12.442196] systemd[1]: Starting Set console keymap...
         Starting Set console keymap...
[   12.445441] systemd[1]: Starting Nameserver information manager...
         Starting Nameserver information manager...
[   12.589318] systemd[1]: Starting Load Kernel Modules...
         Starting Load Kernel Modules...
[   12.591603] systemd[1]: Listening on Device-mapper event daemon FIFOs.
[[0;32m  OK  [0m] Listening on Device-mapper event daemon FIFOs.
[   12.595220] systemd[1]: Starting Monitoring of LVM2 mirrors, snapshots etc. using dmeventd or progress polling...
         Starting Monitoring of LVM2 mirrors... dmeventd or progress polling...
[   12.605458] systemd[1]: Started Trigger resolvconf update for networkd DNS.
[[0;32m  OK  [0m] Started Trigger resolvconf update for networkd DNS.
[   12.608250] systemd[1]: Reached target Encrypted Volumes.
[[0;32m  OK  [0m] Reached target Encrypted Volumes.
[   12.623145] systemd[1]: Started Create list of required static device nodes for the current kernel.
[[0;32m  OK  [0m] Started Create list of required sta...ce nodes for the current kernel.
[   12.627709] systemd[1]: Started Uncomplicated firewall.
[[0;32m  OK  [0m] Started Uncomplicated firewall.
[   12.638765] systemd[1]: Starting Create Static Device Nodes in /dev...
         Starting Create Static Device Nodes in /dev...
[   12.653757] EXT4-fs (sda1): re-mounted. Opts: (null)
[   12.654364] systemd[1]: Mounted Huge Pages File System.
[[0;32m  OK  [0m] Mounted Huge Pages File System.
[   12.665396] systemd[1]: Mounted Debug File System.
[[0;32m  OK  [0m] Mounted Debug File System.
[   12.667544] systemd[1]: Mounted POSIX Message Queue File System.
[[0;32m  OK  [0m] Mounted POSIX Message Queue File System.
[   12.671473] systemd[1]: Started Remount Root and Kernel File Systems.
[[0;32m  OK  [0m] Started Remount Root and Kernel File Systems.
[   12.737460] systemd[1]: Starting udev Coldplug all Devices...
         Starting udev Coldplug all Devices...
[   12.740985] systemd[1]: Starting Load/Save Random Seed...
         Starting Load/Save Random Seed...
[   12.748250] systemd[1]: Started Nameserver information manager.
[[0;32m  OK  [0m] Started Nameserver information manager.
[   12.891597] systemd[1]: Started Load/Save Random Seed.
[[0;32m  OK  [0m] Started Load/Save Random Seed.
[   12.922026] systemd[1]: Started Set console keymap.
[[0;32m  OK  [0m] Started Set console keymap.
[   13.076557] systemd[1]: Started udev Coldplug all Devices.
[[0;32m  OK  [0m] Started udev Coldplug all Devices.
[   13.087470] Loading iSCSI transport class v2.0-870.
[   13.241408] systemd[1]: Started LVM2 metadata daemon.
[[0;32m  OK  [0m] Started LVM2 metadata daemon.
[   13.254218] systemd[1]: Started Journal Service.
[[0;32m  OK  [0m] Started Journal Service.
         Starting Flush Journal to Persistent Storage...
[   13.361382] systemd-journald[369]: Received request to flush runtime journal from PID 1
[   13.383672] iscsi: registered transport (tcp)
[[0;32m  OK  [0m] Started Flush Journal to Persistent Storage.
[[0;32m  OK  [0m] Started Create Static Device Nodes in /dev.
         Starting udev Kernel Device Manager...
[   13.669761] iscsi: registered transport (iser)
[[0;32m  OK  [0m] Started Load Kernel Modules.
         Mounting FUSE Control File System...
         Starting Apply Kernel Variables...
[[0;32m  OK  [0m] Mounted FUSE Control File System.
[[0;32m  OK  [0m] Started Apply Kernel Variables.
[[0;32m  OK  [0m] Started Monitoring of LVM2 mirrors,...ng dmeventd or progress polling.
[[0;32m  OK  [0m] Reached target Local File Systems (Pre).
[[0;32m  OK  [0m] Reached target Local File Systems.
         Starting Tell Plymouth To Write Out Runtime Data...
         Starting Initial cloud-init job (pre-networking)...
         Starting Create Volatile Files and Directories...
         Starting Set console font and keymap...
         Starting LSB: AppArmor initialization...
[[0;32m  OK  [0m] Started Tell Plymouth To Write Out Runtime Data.
[[0;32m  OK  [0m] Started udev Kernel Device Manager.
[[0;32m  OK  [0m] Started Dispatch Password Requests to Console Directory Watch.
[[0;32m  OK  [0m] Started Create Volatile Files and Directories.
         Starting Update UTMP about System Boot/Shutdown...
[[0;32m  OK  [0m] Found device /dev/ttyS0.
[[0;32m  OK  [0m] Started Set console font and keymap.
[[0;32m  OK  [0m] Created slice system-getty.slice.
[[0;32m  OK  [0m] Listening on Load/Save RF Kill Switch Status /dev/rfkill Watch.
[[0;32m  OK  [0m] Started Update UTMP about System Boot/Shutdown.
[[0;32m  OK  [0m] Found device 82540EM Gigabit Ethern...r (PRO/1000 MT Desktop Adapter).
[[0;32m  OK  [0m] Started LSB: AppArmor initialization.
         Starting Load AppArmor profiles managed internally by snapd...
[[0;32m  OK  [0m] Started Load AppArmor profiles managed internally by snapd.
[   20.537415] cloud-init[460]: Cloud-init v. 20.2-45-g5f7825e2-0ubuntu1~16.04.1 running 'init-local' at Thu, 13 Aug 2020 17:24:09 +0000. Up 19.69 seconds.
[[0;32m  OK  [0m] Started Initial cloud-init job (pre-networking).
[[0;32m  OK  [0m] Reached target Network (Pre).
         Starting Raise network interfaces...
[[0;32m  OK  [0m] Started ifup for enp0s3.
[[0;32m  OK  [0m] Started Raise network interfaces.
[[0;32m  OK  [0m] Reached target Network.
         Starting Initial cloud-init job (metadata service crawler)...
[   22.456717] cloud-init[964]: Cloud-init v. 20.2-45-g5f7825e2-0ubuntu1~16.04.1 running 'init' at Thu, 13 Aug 2020 17:24:11 +0000. Up 21.54 seconds.
[   22.464723] cloud-init[964]: ci-info: +++++++++++++++++++++++++++++++++++++Net device info++++++++++++++++++++++++++++++++++++++
[   22.466392] cloud-init[964]: ci-info: +--------+------+---------------------------+---------------+--------+-------------------+
[   22.468304] cloud-init[964]: ci-info: | Device |  Up  |          Address          |      Mask     | Scope  |     Hw-Address    |
[   22.470038] cloud-init[964]: ci-info: +--------+------+---------------------------+---------------+--------+-------------------+
[   22.489150] cloud-init[964]: ci-info: | enp0s3 | True |         10.0.2.15         | 255.255.255.0 | global | 02:0c:5b:92:a7:f0 |
[   22.490940] cloud-init[964]: ci-info: | enp0s3 | True | fe80::c:5bff:fe92:a7f0/64 |       .       |  link  | 02:0c:5b:92:a7:f0 |
[   22.492762] cloud-init[964]: ci-info: |   lo   | True |         127.0.0.1         |   255.0.0.0   |  host  |         .         |
[   22.494507] cloud-init[964]: ci-info: |   lo   | True |          ::1/128          |       .       |  host  |         .         |
[   22.496768] cloud-init[964]: ci-info: +--------+------+---------------------------+---------------+--------+-------------------+
[   22.499522] cloud-init[964]: ci-info: +++++++++++++++++++++++++++Route IPv4 info++++++++++++++++++++++++++++
[   22.502526] cloud-init[964]: ci-info: +-------+-------------+----------+---------------+-----------+-------+
[   22.505582] cloud-init[964]: ci-info: | Route | Destination | Gateway  |    Genmask    | Interface | Flags |
[   22.508728] cloud-init[964]: ci-info: +-------+-------------+----------+---------------+-----------+-------+
[   22.511365] cloud-init[964]: ci-info: |   0   |   0.0.0.0   | 10.0.2.2 |    0.0.0.0    |   enp0s3  |   UG  |
[   22.513817] cloud-init[964]: ci-info: |   1   |   10.0.2.0  | 0.0.0.0  | 255.255.255.0 |   enp0s3  |   U   |
[   22.516340] cloud-init[964]: ci-info: +-------+-------------+----------+---------------+-----------+-------+
[   22.518734] cloud-init[964]: ci-info: +++++++++++++++++++Route IPv6 info+++++++++++++++++++
[   22.521099] cloud-init[964]: ci-info: +-------+-------------+---------+-----------+-------+
[   22.523514] cloud-init[964]: ci-info: | Route | Destination | Gateway | Interface | Flags |
[   22.525964] cloud-init[964]: ci-info: +-------+-------------+---------+-----------+-------+
[   22.528268] cloud-init[964]: ci-info: |   0   |  fe80::/64  |    ::   |   enp0s3  |   U   |
[   22.530635] cloud-init[964]: ci-info: |   3   |   ff00::/8  |    ::   |   enp0s3  |   U   |
[   22.532979] cloud-init[964]: ci-info: +-------+-------------+---------+-----------+-------+
[[0;32m  OK  [0m] Started Initial cloud-init job (metadata service crawler).
[[0;32m  OK  [0m] Reached target System Initialization.
[[0;32m  OK  [0m] Listening on D-Bus System Message Bus Socket.
         Starting Socket activation for snappy daemon.
         Starting LXD - unix socket.
[[0;32m  OK  [0m] Started ACPI Events Check.
[[0;32m  OK  [0m] Reached target Paths.
[[0;32m  OK  [0m] Listening on ACPID Listen Socket.
[[0;32m  OK  [0m] Started Daily Cleanup of Temporary Directories.
[[0;32m  OK  [0m] Listening on UUID daemon activation socket.
[[0;32m  OK  [0m] Started Daily apt download activities.
[[0;32m  OK  [0m] Started Daily apt upgrade and clean activities.
[[0;32m  OK  [0m] Started Message of the Day.
[[0;32m  OK  [0m] Reached target Timers.
[[0;32m  OK  [0m] Reached target Network is Online.
         Starting iSCSI initiator daemon (iscsid)...
[[0;32m  OK  [0m] Reached target Cloud-config availability.
[[0;32m  OK  [0m] Listening on Socket activation for snappy daemon.
[[0;32m  OK  [0m] Listening on LXD - unix socket.
[[0;32m  OK  [0m] Reached target Sockets.
[[0;32m  OK  [0m] Reached target Basic System.
[[0;32m  OK  [0m] Started Deferred execution scheduler.
         Starting Login Service...
[[0;32m  OK  [0m] Started ACPI event daemon.
         Starting LSB: MD monitoring daemon...
         Starting LXD - container startup/shutdown...
[[0;32m  OK  [0m] Started FUSE filesystem for LXC.
[[0;32m  OK  [0m] Started Regular background program processing daemon.
         Starting OpenBSD Secure Shell server...
[[0;32m  OK  [0m] Started D-Bus System Message Bus.
         Starting System Logging Service...
         Starting vboxadd.service...
         Starting Accounts Service...
         Starting LSB: Record successful boot for GRUB...
         Starting /etc/rc.local Compatibility...
         Starting Snap Daemon...
[[0;32m  OK  [0m] Started /etc/rc.local Compatibility.
[[0;32m  OK  [0m] Started Login Service.
[[0;32m  OK  [0m] Started Unattended Upgrades Shutdown.
[[0;32m  OK  [0m] Started iSCSI initiator daemon (iscsid).
         Starting Login to default iSCSI targets...
[[0;32m  OK  [0m] Started OpenBSD Secure Shell server.
[[0;32m  OK  [0m] Started LSB: MD monitoring daemon.
[[0;32m  OK  [0m] Started LSB: Record successful boot for GRUB.
[[0;32m  OK  [0m] Started Login to default iSCSI targets.
[[0;32m  OK  [0m] Reached target Remote File Systems (Pre).
[[0;32m  OK  [0m] Reached target Remote File Systems.
         Starting LSB: daemon to balance interrupts for SMP systems...
         Starting LSB: Set the CPU Frequency Scaling governor to "ondemand"...
         Starting Permit User Sessions...
         Starting LSB: automatic crash report generation...
[[0;32m  OK  [0m] Started LSB: Set the CPU Frequency Scaling governor to "ondemand".
[[0;32m  OK  [0m] Started Permit User Sessions.
         Starting Hold until boot process finishes up...
         Starting Terminate Plymouth Boot Screen...
[[0;32m  OK  [0m] Started Hold until boot process finishes up.
[[0;32m  OK  [0m] Started Serial Getty on ttyS0.
[[0;32m  OK  [0m] Started Getty on tty1.
[[0;32m  OK  [0m] Reached target Login Prompts.
         Starting Set console scheme...
[[0;32m  OK  [0m] Started Terminate Plymouth Boot Screen.
[[0;32m  OK  [0m] Started System Logging Service.
[[0;32m  OK  [0m] Started Set console scheme.
[[0;32m  OK  [0m] Started LSB: automatic crash report generation.
[[0;32m  OK  [0m] Started LSB: daemon to balance interrupts for SMP systems.
         Starting Authenticate and Authorize Users to Run Privileged Tasks...
[[0;32m  OK  [0m] Started Authenticate and Authorize Users to Run Privileged Tasks.
[[0;32m  OK  [0m] Started Accounts Service.
[[0;32m  OK  [0m] Started LXD - container startup/shutdown.
[[0;32m  OK  [0m] Created slice User Slice of vagrant.
         Starting User Manager for UID 1000...
[[0;32m  OK  [0m] Started Session 1 of user vagrant.
[[0;32m  OK  [0m] Started User Manager for UID 1000.
[[0;32m  OK  [0m] Started Snap Daemon.
         Starting Wait until snapd is fully seeded...
[[0;32m  OK  [0m] Started Wait until snapd is fully seeded.
         Starting Apply the settings specified in cloud-config...
[   30.297277] cloud-init[1279]: Cloud-init v. 20.2-45-g5f7825e2-0ubuntu1~16.04.1 running 'modules:config' at Thu, 13 Aug 2020 17:24:20 +0000. Up 29.87 seconds.

Ubuntu 16.04.7 LTS ubuntu-xenial ttyS0

ubuntu-xenial login: [   34.541927] cloud-init[1526]: Cloud-init v. 20.2-45-g5f7825e2-0ubuntu1~16.04.1 running 'modules:final' at Thu, 13 Aug 2020 17:24:24 +0000. Up 34.12 seconds.
[   34.544020] cloud-init[1526]: Cloud-init v. 20.2-45-g5f7825e2-0ubuntu1~16.04.1 finished at Thu, 13 Aug 2020 17:24:24 +0000. Datasource DataSourceNoCloud [seed=/dev/sdb][dsmode=net].  Up 34.53 seconds
